TN:
SF:src/FairLaunchHook.sol
FN:60,FairLaunchHook.
FNDA:5,FairLaunchHook.
DA:61,5
DA:61,5
FN:64,FairLaunchHook.getHookPermissions
FNDA:5,FairLaunchHook.getHookPermissions
DA:65,5
DA:65,5
DA:65,5
FN:83,FairLaunchHook.createFairLaunch
FNDA:4,FairLaunchHook.createFairLaunch
DA:84,4
DA:84,4
DA:84,4
DA:86,4
DA:86,4
DA:86,4
DA:93,4
DA:93,4
DA:95,4
DA:95,4
DA:97,4
DA:97,4
FN:104,FairLaunchHook.unlockCallback
FNDA:4,FairLaunchHook.unlockCallback
DA:105,4
DA:105,4
DA:105,4
DA:107,4
DA:107,4
DA:107,4
DA:109,4
DA:109,4
DA:109,4
DA:117,4
DA:117,4
DA:117,4
DA:124,4
DA:124,4
DA:126,4
DA:126,4
DA:128,4
DA:128,4
FN:131,FairLaunchHook.beforeAddLiquidity
FNDA:0,FairLaunchHook.beforeAddLiquidity
DA:137,0
DA:137,0
FN:140,FairLaunchHook.beforeSwap
FNDA:5,FairLaunchHook.beforeSwap
DA:146,5
DA:146,5
DA:147,5
DA:147,5
DA:150,5
DA:150,5
BRDA:150,0,0,-
BRDA:150,0,1,5
DA:150,0
DA:154,5
DA:154,5
BRDA:154,1,0,-
BRDA:154,1,1,5
DA:154,0
DA:156,5
DA:156,5
BRDA:156,2,0,-
BRDA:156,2,1,5
DA:159,0
DA:159,0
DA:160,0
DA:160,0
DA:163,5
DA:163,5
BRDA:163,3,0,-
BRDA:163,3,1,2
DA:165,2
DA:165,2
DA:165,2
DA:171,2
DA:171,2
DA:171,2
DA:174,2
DA:174,2
DA:174,2
BRDA:174,4,0,-
BRDA:174,4,1,2
DA:175,2
DA:175,2
DA:185,2
DA:185,2
DA:185,2
DA:186,2
DA:186,2
DA:190,2
DA:190,2
DA:200,2
DA:200,2
DA:200,2
DA:201,2
DA:201,2
DA:204,2
DA:204,2
DA:204,2
BRDA:204,5,0,-
BRDA:204,5,1,-
DA:205,0
DA:205,0
DA:207,2
DA:207,2
DA:207,2
BRDA:207,6,0,-
BRDA:207,6,1,2
DA:208,2
DA:208,2
DA:211,2
DA:211,2
DA:214,3
DA:214,3
FN:217,FairLaunchHook.afterSwap
FNDA:5,FairLaunchHook.afterSwap
DA:223,5
DA:223,5
DA:224,5
DA:224,5
DA:225,5
DA:225,5
BRDA:225,7,0,-
BRDA:225,7,1,5
DA:225,0
DA:227,5
DA:227,5
DA:227,5
DA:228,5
DA:228,5
BRDA:228,8,0,-
BRDA:228,8,1,1
DA:229,3
DA:229,3
BRDA:229,9,0,-
BRDA:229,9,1,1
DA:231,1
DA:231,1
DA:233,1
DA:233,1
DA:233,1
DA:240,1
DA:240,1
DA:240,1
DA:241,1
DA:241,1
DA:243,2
DA:243,2
BRDA:243,10,0,1
BRDA:243,10,1,2
DA:245,1
DA:245,1
DA:247,1
DA:247,1
DA:247,1
DA:248,1
DA:248,1
DA:250,1
DA:250,1
DA:253,5
DA:253,5
FN:256,FairLaunchHook._removeExistingLiquidity
FNDA:2,FairLaunchHook._removeExistingLiquidity
DA:260,2
DA:260,2
DA:260,2
DA:264,2
DA:264,2
BRDA:264,11,0,-
BRDA:264,11,1,2
DA:265,2
DA:265,2
DA:265,2
DA:272,2
DA:272,2
FN:276,FairLaunchHook._addNewPool
FNDA:2,FairLaunchHook._addNewPool
DA:277,2
DA:277,2
DA:277,2
DA:284,2
DA:284,2
DA:284,2
DA:285,2
DA:285,2
DA:285,2
DA:287,2
DA:287,2
DA:289,2
DA:289,2
DA:289,2
DA:305,2
DA:305,2
DA:307,2
DA:307,2
DA:308,2
DA:308,2
FN:311,FairLaunchHook._calculateNewSqrtPrice
FNDA:2,FairLaunchHook._calculateNewSqrtPrice
DA:316,2
DA:316,2
DA:316,2
FN:323,FairLaunchHook._donateDust
FNDA:2,FairLaunchHook._donateDust
DA:324,2
DA:324,2
DA:324,2
DA:325,2
DA:325,2
DA:325,2
DA:326,2
DA:326,2
DA:326,2
DA:326,0
BRDA:326,12,0,-
BRDA:326,12,1,2
DA:327,2
DA:327,2
FNF:11
FNH:10
LF:71
LH:67
BRF:26
BRH:13
end_of_record
TN:
SF:src/Token.sol
FN:6,Token.
FNDA:68,Token.
DA:9,8
DA:9,8
FNF:1
FNH:1
LF:1
LH:1
BRF:0
BRH:0
end_of_record
