TN:
SF:src/FairLaunchHook.sol
FN:63,FairLaunchHook.
FNDA:5,FairLaunchHook.
DA:64,5
DA:64,5
FN:67,FairLaunchHook.getHookPermissions
FNDA:5,FairLaunchHook.getHookPermissions
DA:68,5
DA:68,5
DA:68,5
FN:86,FairLaunchHook.createFairLaunch
FNDA:4,FairLaunchHook.createFairLaunch
DA:87,4
DA:87,4
DA:87,4
DA:89,4
DA:89,4
DA:89,4
DA:96,4
DA:96,4
DA:98,4
DA:98,4
DA:100,4
DA:100,4
FN:107,FairLaunchHook.unlockCallback
FNDA:4,FairLaunchHook.unlockCallback
DA:108,4
DA:108,4
DA:108,4
DA:110,4
DA:110,4
DA:110,4
DA:112,4
DA:112,4
DA:112,4
DA:120,4
DA:120,4
DA:120,4
DA:127,4
DA:127,4
DA:129,4
DA:129,4
DA:131,4
DA:131,4
FN:134,FairLaunchHook.beforeAddLiquidity
FNDA:0,FairLaunchHook.beforeAddLiquidity
DA:140,0
DA:140,0
FN:143,FairLaunchHook.beforeSwap
FNDA:5,FairLaunchHook.beforeSwap
DA:149,5
DA:149,5
DA:150,5
DA:150,5
DA:153,5
DA:153,5
BRDA:153,0,0,-
BRDA:153,0,1,5
DA:153,0
DA:157,5
DA:157,5
BRDA:157,1,0,-
BRDA:157,1,1,5
DA:157,0
DA:159,5
DA:159,5
BRDA:159,2,0,-
BRDA:159,2,1,5
DA:162,0
DA:162,0
DA:163,0
DA:163,0
DA:166,5
DA:166,5
BRDA:166,3,0,-
BRDA:166,3,1,2
DA:168,2
DA:168,2
DA:168,2
DA:174,2
DA:174,2
DA:174,2
DA:177,2
DA:177,2
DA:177,2
BRDA:177,4,0,-
BRDA:177,4,1,2
DA:178,2
DA:178,2
DA:188,2
DA:188,2
DA:188,2
DA:189,2
DA:189,2
DA:193,2
DA:193,2
DA:203,2
DA:203,2
DA:203,2
DA:204,2
DA:204,2
DA:207,2
DA:207,2
DA:207,2
BRDA:207,5,0,-
BRDA:207,5,1,-
DA:208,0
DA:208,0
DA:210,2
DA:210,2
DA:210,2
BRDA:210,6,0,-
BRDA:210,6,1,2
DA:211,2
DA:211,2
DA:214,2
DA:214,2
DA:217,3
DA:217,3
FN:220,FairLaunchHook.afterSwap
FNDA:5,FairLaunchHook.afterSwap
DA:226,5
DA:226,5
DA:227,5
DA:227,5
DA:228,5
DA:228,5
BRDA:228,7,0,-
BRDA:228,7,1,5
DA:228,0
DA:230,5
DA:230,5
DA:230,5
DA:231,5
DA:231,5
BRDA:231,8,0,-
BRDA:231,8,1,1
DA:232,3
DA:232,3
BRDA:232,9,0,-
BRDA:232,9,1,1
DA:234,1
DA:234,1
DA:236,1
DA:236,1
DA:236,1
DA:243,1
DA:243,1
DA:243,1
DA:244,1
DA:244,1
DA:246,2
DA:246,2
BRDA:246,10,0,1
BRDA:246,10,1,2
DA:248,1
DA:248,1
DA:250,1
DA:250,1
DA:250,1
DA:251,1
DA:251,1
DA:253,1
DA:253,1
DA:256,5
DA:256,5
FN:259,FairLaunchHook._removeExistingLiquidity
FNDA:2,FairLaunchHook._removeExistingLiquidity
DA:263,2
DA:263,2
DA:263,2
DA:267,2
DA:267,2
BRDA:267,11,0,-
BRDA:267,11,1,2
DA:268,2
DA:268,2
DA:268,2
DA:275,2
DA:275,2
FN:279,FairLaunchHook._addNewPool
FNDA:2,FairLaunchHook._addNewPool
DA:280,2
DA:280,2
DA:280,2
DA:287,2
DA:287,2
DA:287,2
DA:288,2
DA:288,2
DA:288,2
DA:290,2
DA:290,2
DA:292,2
DA:292,2
DA:292,2
DA:308,2
DA:308,2
DA:310,2
DA:310,2
DA:311,2
DA:311,2
FN:314,FairLaunchHook._calculateNewSqrtPrice
FNDA:2,FairLaunchHook._calculateNewSqrtPrice
DA:319,2
DA:319,2
DA:319,2
FN:326,FairLaunchHook._donateDust
FNDA:2,FairLaunchHook._donateDust
DA:327,2
DA:327,2
DA:327,2
DA:328,2
DA:328,2
DA:328,2
DA:329,2
DA:329,2
DA:329,2
DA:329,0
BRDA:329,12,0,-
BRDA:329,12,1,2
DA:330,2
DA:330,2
FNF:11
FNH:10
LF:71
LH:67
BRF:26
BRH:13
end_of_record
TN:
SF:src/Token.sol
FN:6,Token.
FNDA:68,Token.
DA:9,8
DA:9,8
FNF:1
FNH:1
LF:1
LH:1
BRF:0
BRH:0
end_of_record
